[00:04:26] [Server thread/INFO]: [Burusk_K: Given [Fence] * 1 to Burusk_K]
[00:04:26] [Server thread/INFO]: [Burusk_K: Given [Fence] * 1 to Burusk_K]
[00:05:48] [Server thread/INFO]: [Burusk_K: Given [Glass Pane] * 2 to Burusk_K]
[00:09:10] [Server thread/INFO]: zlflrznfn3623 was shot by Skeleton
[00:10:18] [Server thread/INFO]: [Burusk_K: Given [Diamond Axe] * 1 to Burusk_K]
[00:13:13] [Server thread/INFO]: [Burusk_K: Given [Grass Block] * 3 to Burusk_K]
[00:14:06] [Server thread/INFO]: zlflrznfn3623 was shot by Skeleton
[00:14:39] [Server thread/INFO]: zlflrznfn3623 was slain by Enderman
[00:15:13] [Server thread/INFO]: [Burusk_K: Set own game mode to Creative Mode]
[00:19:38] [Server thread/INFO]: [Burusk_K: Set own game mode to Survival Mode]
[00:21:20] [Server thread/INFO]: [Burusk_K: Given [Fence] * 1 to Burusk_K]
[00:21:56] [Server thread/INFO]: [Burusk_K: Given [Oak Wood Slab] * 1 to Burusk_K]
[00:22:35] [Server thread/INFO]: [Burusk_K: Given [Fence] * 1 to Burusk_K]
[00:25:23] [Server thread/INFO]: Burusk_K has just earned the achievement [Hot Topic]
[00:30:45] [Server thread/INFO]: zlflrznfn3623 was shot by Skeleton
[00:37:13] [Server thread/INFO]: [Burusk_K: Set own game mode to Creative Mode]
[00:37:16] [Server thread/INFO]: [Burusk_K: Set own game mode to Survival Mode]
[00:38:08] [Server thread/INFO]: Burusk_K lost connection: TextComponent{text='Disconnected', siblings=[], style=Style{hasParent=false, color=null, bold=null, italic=null, underlined=null, obfuscated=null, clickEvent=null, hoverEvent=null}}
[00:38:08] [Server thread/INFO]: Burusk_K left the game
[00:38:22] [Server thread/INFO]: Stopping the server
[00:38:22] [Server thread/INFO]: Stopping server
[00:38:22] [Server thread/INFO]: Saving players
[00:38:22] [Server thread/INFO]: Saving worlds
[00:38:22] [Server thread/INFO]: Saving chunks for level 'world'/Overworld
[00:38:22] [Server thread/INFO]: Saving chunks for level 'world'/Nether
[00:38:22] [Server thread/INFO]: Saving chunks for level 'world'/The End
[00:38:22] [Server thread/INFO]: Saving chunks for level 'world'/Twilight Forest
[00:38:22] [Server thread/INFO]: Saving chunks for level 'world'/The Outer Lands
